2024-08-05 22:07:57,058 [INFO] Activator:176 - 


2024-08-05 22:07:57,061 [INFO] Activator:177 - !SESSION log4j initialized
2024-08-05 22:08:00,851 [INFO] LogOutputStream:77 - [STDOUT_REDIRECT] 
2024-08-05 22:08:08,061 [INFO] ApplicationProperties:184 - Using Application install path: C:\ST\STM32CubeIDE_1.11.0\STM32CubeIDE\plugins\com.st.stm32cube.common.mx_6.12.0.202406281431
2024-08-05 22:08:08,083 [INFO] DbMcusXml:78 - Set database path to: C:\ST\STM32CubeIDE_1.11.0\STM32CubeIDE\plugins\com.st.stm32cube.common.mx_6.12.0.202406281431\\db\/mcu/
2024-08-05 22:08:08,083 [INFO] ApiDb:274 - Set plugin database path to: C:\ST\STM32CubeIDE_1.11.0\STM32CubeIDE\plugins\com.st.stm32cube.common.mx_6.12.0.202406281431\\db\/plugins/boardmanager/
2024-08-05 22:08:08,084 [WARN] ApiDb:259 - Overriding images path with different value:  => C:\ST\STM32CubeIDE_1.11.0\STM32CubeIDE\plugins\com.st.stm32cube.common.mx_6.12.0.202406281431\\db\/plugins/mcufinder/images/
2024-08-05 22:08:08,095 [INFO] ApiDb:250 - Set database path to: C:\Users\Viktor\.stmcufinder\plugins\mcufinder//mcu/
2024-08-05 22:08:08,096 [INFO] DbMcusAds:125 - Set database path to: C:\Users\Viktor\.stmcufinder\plugins\mcufinder//mcu/
2024-08-05 22:08:08,099 [INFO] CrossReferenceDbSqlite:203 - Set database path to: C:\Users\Viktor\.stmcufinder\plugins\mcufinder//mcu/cs/
2024-08-05 22:08:08,240 [INFO] RulesReader:64 - Compatibility file has been processed (297 Rules)
2024-08-05 22:08:08,335 [INFO] DbMcusXml:78 - Set database path to: C:\ST\STM32CubeIDE_1.11.0\STM32CubeIDE\plugins\com.st.stm32cube.common.mx_6.12.0.202406281431\\db\/mcu/
2024-08-05 22:08:08,335 [INFO] ApiDb:274 - Set plugin database path to: C:\ST\STM32CubeIDE_1.11.0\STM32CubeIDE\plugins\com.st.stm32cube.common.mx_6.12.0.202406281431\\db\/plugins/boardmanager/
2024-08-05 22:08:08,335 [INFO] ApiDb:261 - Set plugin images path to: C:\ST\STM32CubeIDE_1.11.0\STM32CubeIDE\plugins\com.st.stm32cube.common.mx_6.12.0.202406281431\\db\/plugins/mcufinder/images/
2024-08-05 22:08:08,335 [WARN] DbFile:41 - Overriding database path with different value: C:\Users\Viktor\.stmcufinder\plugins\mcufinder/ => C:\Users\Viktor\.stmcufinder\plugins\mcufinder
2024-08-05 22:08:08,335 [INFO] ApiDb:250 - Set database path to: C:\Users\Viktor\.stmcufinder\plugins\mcufinder//mcu/
2024-08-05 22:08:08,335 [WARN] DbFile:41 - Overriding database path with different value: C:\Users\Viktor\.stmcufinder\plugins\mcufinder/ => C:\Users\Viktor\.stmcufinder\plugins\mcufinder
2024-08-05 22:08:08,336 [INFO] DbMcusAds:125 - Set database path to: C:\Users\Viktor\.stmcufinder\plugins\mcufinder//mcu/
2024-08-05 22:08:08,336 [WARN] DbFile:41 - Overriding database path with different value: C:\Users\Viktor\.stmcufinder\plugins\mcufinder/ => C:\Users\Viktor\.stmcufinder\plugins\mcufinder
2024-08-05 22:08:08,336 [WARN] DbFile:41 - Overriding database path with different value: C:\Users\Viktor\.stmcufinder\plugins\mcufinder/ => C:\Users\Viktor\.stmcufinder\plugins\mcufinder
2024-08-05 22:08:08,336 [INFO] CrossReferenceDbSqlite:203 - Set database path to: C:\Users\Viktor\.stmcufinder\plugins\mcufinder//mcu/cs/
2024-08-05 22:08:08,434 [INFO] MainPanel:268 - HeapMemory: 268435456
2024-08-05 22:08:08,561 [INFO] DbMcusXml:78 - Set database path to: C:\ST\STM32CubeIDE_1.11.0\STM32CubeIDE\plugins\com.st.stm32cube.common.mx_6.12.0.202406281431\\db\/mcu/
2024-08-05 22:08:08,562 [INFO] ApiDb:274 - Set plugin database path to: C:\ST\STM32CubeIDE_1.11.0\STM32CubeIDE\plugins\com.st.stm32cube.common.mx_6.12.0.202406281431\\db\/plugins/boardmanager/
2024-08-05 22:08:08,562 [INFO] ApiDb:261 - Set plugin images path to: C:\ST\STM32CubeIDE_1.11.0\STM32CubeIDE\plugins\com.st.stm32cube.common.mx_6.12.0.202406281431\\db\/plugins/mcufinder/images/
2024-08-05 22:08:08,562 [WARN] DbFile:41 - Overriding database path with different value: C:\Users\Viktor\.stmcufinder\plugins\mcufinder/ => C:\Users\Viktor\.stmcufinder\plugins\mcufinder
2024-08-05 22:08:08,562 [INFO] ApiDb:250 - Set database path to: C:\Users\Viktor\.stmcufinder\plugins\mcufinder//mcu/
2024-08-05 22:08:08,562 [WARN] DbFile:41 - Overriding database path with different value: C:\Users\Viktor\.stmcufinder\plugins\mcufinder/ => C:\Users\Viktor\.stmcufinder\plugins\mcufinder
2024-08-05 22:08:08,563 [INFO] DbMcusAds:125 - Set database path to: C:\Users\Viktor\.stmcufinder\plugins\mcufinder//mcu/
2024-08-05 22:08:08,563 [WARN] DbFile:41 - Overriding database path with different value: C:\Users\Viktor\.stmcufinder\plugins\mcufinder/ => C:\Users\Viktor\.stmcufinder\plugins\mcufinder
2024-08-05 22:08:08,563 [WARN] DbFile:41 - Overriding database path with different value: C:\Users\Viktor\.stmcufinder\plugins\mcufinder/ => C:\Users\Viktor\.stmcufinder\plugins\mcufinder
2024-08-05 22:08:08,563 [INFO] CrossReferenceDbSqlite:203 - Set database path to: C:\Users\Viktor\.stmcufinder\plugins\mcufinder//mcu/cs/
2024-08-05 22:08:08,583 [INFO] ApplicationProperties:184 - Using Application install path: C:\ST\STM32CubeIDE_1.11.0\STM32CubeIDE\plugins\com.st.stm32cube.common.mx_6.12.0.202406281431
2024-08-05 22:08:08,585 [INFO] PluginManage:196 - Search for loadable plugins [exclusion list=, ]
2024-08-05 22:08:08,587 [INFO] PluginManage:310 - Check plugin analytics
2024-08-05 22:08:13,341 [INFO] AnalyticsPlugin:253 - Accepted Software Licenses: 
2024-08-05 22:08:13,341 [INFO] AnalyticsPlugin:255 - Accepted CMSIS Pack Licenses: 
2024-08-05 22:08:13,342 [INFO] AnalyticsPlugin:257 - Accepted Firmware Licenses: FW.F4.1.28.0
2024-08-05 22:08:13,344 [INFO] PluginManage:359 - Loaded plugin analytics (category:tool,tabindex:-1)
2024-08-05 22:08:13,344 [INFO] PluginManage:310 - Check plugin cadmodel
2024-08-05 22:08:13,362 [INFO] CADModel:105 - Init CAD model plugin
2024-08-05 22:08:13,363 [INFO] PluginManage:359 - Loaded plugin cadmodel (category:power,tabindex:5)
2024-08-05 22:08:13,363 [INFO] PluginManage:310 - Check plugin clock
2024-08-05 22:08:13,383 [INFO] PluginManage:359 - Loaded plugin clock (category:base,tabindex:2)
2024-08-05 22:08:13,383 [INFO] PluginManage:310 - Check plugin ddr
2024-08-05 22:08:13,386 [INFO] PluginManage:359 - Loaded plugin ddr (category:tool,tabindex:6)
2024-08-05 22:08:13,386 [INFO] PluginManage:310 - Check plugin filemanager
2024-08-05 22:08:13,541 [INFO] PluginManage:359 - Loaded plugin filemanager (category:base,tabindex:10)
2024-08-05 22:08:13,541 [INFO] PluginManage:310 - Check plugin ipmanager
2024-08-05 22:08:13,548 [INFO] PluginManage:359 - Loaded plugin ipmanager (category:base,tabindex:5)
2024-08-05 22:08:13,549 [INFO] PluginManage:310 - Check plugin lpbam
2024-08-05 22:08:13,567 [INFO] PluginManage:359 - Loaded plugin lpbam (category:base,tabindex:0)
2024-08-05 22:08:13,567 [INFO] PluginManage:310 - Check plugin memorymap
2024-08-05 22:08:13,593 [INFO] PluginManage:359 - Loaded plugin memorymap (category:base,tabindex:4)
2024-08-05 22:08:13,593 [INFO] PluginManage:310 - Check plugin pinoutandconfiguration
2024-08-05 22:08:13,610 [INFO] PluginManage:359 - Loaded plugin pinoutandconfiguration (category:base,tabindex:1)
2024-08-05 22:08:13,610 [INFO] PluginManage:310 - Check plugin pinoutconfig
2024-08-05 22:08:13,709 [WARN] SupportedApi:132 - Cannot load RTOS API schema: s4s-elt-must-match.1: The content of 'definitions' must match (annotation?, (simpleType | complexType)?, (unique | key | keyref)*)). A problem was found starting at: attribute.
2024-08-05 22:08:13,879 [INFO] PluginManage:359 - Loaded plugin pinoutconfig (category:base,tabindex:0)
2024-08-05 22:08:13,879 [INFO] PluginManage:310 - Check plugin power
2024-08-05 22:08:13,902 [INFO] PluginManage:359 - Loaded plugin power (category:power,tabindex:4)
2024-08-05 22:08:13,902 [INFO] PluginManage:310 - Check plugin projectmanager
2024-08-05 22:08:13,920 [INFO] PluginManage:359 - Loaded plugin projectmanager (category:projectmanager,tabindex:4)
2024-08-05 22:08:13,921 [INFO] PluginManage:310 - Check plugin rif
2024-08-05 22:08:13,939 [INFO] PluginManage:359 - Loaded plugin rif (category:base,tabindex:3)
2024-08-05 22:08:13,939 [INFO] PluginManage:310 - Check plugin thirdparty
2024-08-05 22:08:14,258 [INFO] PluginManage:359 - Loaded plugin thirdparty (category:base,tabindex:-1)
2024-08-05 22:08:14,258 [INFO] PluginManage:310 - Check plugin tools
2024-08-05 22:08:14,258 [WARN] IntegrityCheckThread:84 - waiting for thirdparty lock release [integrity check]
2024-08-05 22:08:14,259 [INFO] IntegrityCheckThread:86 - entering critical section [integrity check]
2024-08-05 22:08:14,259 [INFO] ThirdPartyUpdaterWithRetryManager:70 - Updater plugin not ready yet. [1/15]
2024-08-05 22:08:14,300 [INFO] PluginManage:359 - Loaded plugin tools (category:base,tabindex:7)
2024-08-05 22:08:14,300 [INFO] PluginManage:310 - Check plugin tutovideos
2024-08-05 22:08:14,552 [INFO] PluginManage:359 - Loaded plugin tutovideos (category:base,tabindex:-1)
2024-08-05 22:08:14,552 [INFO] PluginManage:310 - Check plugin updater
2024-08-05 22:08:14,580 [INFO] PluginManage:359 - Loaded plugin updater (category:base,tabindex:12)
2024-08-05 22:08:14,580 [INFO] PluginManage:310 - Check plugin userauth
2024-08-05 22:08:14,587 [INFO] UserAuth:113 - Init User Auth plugin
2024-08-05 22:08:14,587 [INFO] PluginManage:359 - Loaded plugin userauth (category:base,tabindex:14)
2024-08-05 22:08:14,587 [INFO] PluginManage:283 - PluginManage : Loaded plugins [18]
2024-08-05 22:08:14,820 [INFO] PinOutPanel:1561 - setPackage(No Configuration,No Configuration)
2024-08-05 22:08:14,920 [INFO] CADModel:165 - CPN selected for project level
2024-08-05 22:08:14,920 [INFO] CADModel:114 - Register for checkConnection events
2024-08-05 22:08:14,951 [INFO] IPUIPlugin:80 - create IPUIPlugin
2024-08-05 22:08:14,951 [INFO] PluginManager:220 - loadIPPluginJar : add adc
2024-08-05 22:08:14,999 [INFO] IPUIPlugin:80 - create IPUIPlugin
2024-08-05 22:08:14,999 [INFO] PluginManager:220 - loadIPPluginJar : add aes
2024-08-05 22:08:15,047 [INFO] IPUIPlugin:80 - create IPUIPlugin
2024-08-05 22:08:15,047 [INFO] PluginManager:220 - loadIPPluginJar : add can
2024-08-05 22:08:15,073 [INFO] IPUIPlugin:80 - create IPUIPlugin
2024-08-05 22:08:15,073 [INFO] PluginManager:220 - loadIPPluginJar : add comp
2024-08-05 22:08:15,111 [INFO] IPUIPlugin:80 - create IPUIPlugin
2024-08-05 22:08:15,111 [INFO] PluginManager:220 - loadIPPluginJar : add cryp
2024-08-05 22:08:15,125 [INFO] IPUIPlugin:80 - create IPUIPlugin
2024-08-05 22:08:15,125 [INFO] PluginManager:220 - loadIPPluginJar : add ddr_ctrl_phy
2024-08-05 22:08:15,167 [INFO] IPUIPlugin:80 - create IPUIPlugin
2024-08-05 22:08:15,167 [INFO] PluginManager:220 - loadIPPluginJar : add dfsdm
2024-08-05 22:08:15,185 [INFO] IPUIPlugin:80 - create IPUIPlugin
2024-08-05 22:08:15,186 [INFO] PluginManager:220 - loadIPPluginJar : add dma
2024-08-05 22:08:15,249 [INFO] IPUIPlugin:80 - create IPUIPlugin
2024-08-05 22:08:15,249 [INFO] PluginManager:220 - loadIPPluginJar : add dma3
2024-08-05 22:08:15,325 [INFO] IPUIPlugin:80 - create IPUIPlugin
2024-08-05 22:08:15,325 [INFO] PluginManager:220 - loadIPPluginJar : add extmemmanager
2024-08-05 22:08:15,352 [INFO] IPUIPlugin:80 - create IPUIPlugin
2024-08-05 22:08:15,353 [INFO] PluginManager:220 - loadIPPluginJar : add fatfs
2024-08-05 22:08:15,416 [INFO] IPUIPlugin:80 - create IPUIPlugin
2024-08-05 22:08:15,416 [INFO] PluginManager:220 - loadIPPluginJar : add fmc
2024-08-05 22:08:15,437 [INFO] IPUIPlugin:80 - create IPUIPlugin
2024-08-05 22:08:15,438 [INFO] PluginManager:220 - loadIPPluginJar : add freertos
2024-08-05 22:08:15,463 [INFO] IPUIPlugin:80 - create IPUIPlugin
2024-08-05 22:08:15,463 [INFO] PluginManager:220 - loadIPPluginJar : add genericplugin
2024-08-05 22:08:15,588 [INFO] IPUIPlugin:80 - create IPUIPlugin
2024-08-05 22:08:15,588 [INFO] PluginManager:220 - loadIPPluginJar : add gfxmmu
2024-08-05 22:08:15,745 [INFO] IPUIPlugin:80 - create IPUIPlugin
2024-08-05 22:08:15,746 [INFO] PluginManager:220 - loadIPPluginJar : add gic
2024-08-05 22:08:15,760 [INFO] IPUIPlugin:80 - create IPUIPlugin
2024-08-05 22:08:15,760 [INFO] PluginManager:220 - loadIPPluginJar : add gpio
2024-08-05 22:08:15,874 [INFO] IPUIPlugin:80 - create IPUIPlugin
2024-08-05 22:08:15,874 [INFO] PluginManager:220 - loadIPPluginJar : add gtzc
2024-08-05 22:08:15,919 [INFO] IPUIPlugin:80 - create IPUIPlugin
2024-08-05 22:08:15,919 [INFO] PluginManager:220 - loadIPPluginJar : add hash
2024-08-05 22:08:15,990 [INFO] IPUIPlugin:80 - create IPUIPlugin
2024-08-05 22:08:15,990 [INFO] PluginManager:220 - loadIPPluginJar : add i2c
2024-08-05 22:08:16,040 [INFO] IPUIPlugin:80 - create IPUIPlugin
2024-08-05 22:08:16,040 [INFO] PluginManager:220 - loadIPPluginJar : add i2s
2024-08-05 22:08:16,091 [INFO] IPUIPlugin:80 - create IPUIPlugin
2024-08-05 22:08:16,091 [INFO] PluginManager:220 - loadIPPluginJar : add i3c
2024-08-05 22:08:16,218 [INFO] IPUIPlugin:80 - create IPUIPlugin
2024-08-05 22:08:16,218 [INFO] PluginManager:220 - loadIPPluginJar : add ipddr
2024-08-05 22:08:16,341 [INFO] IPUIPlugin:80 - create IPUIPlugin
2024-08-05 22:08:16,341 [INFO] PluginManager:220 - loadIPPluginJar : add linkedlist
2024-08-05 22:08:16,387 [INFO] IPUIPlugin:80 - create IPUIPlugin
2024-08-05 22:08:16,387 [INFO] PluginManager:220 - loadIPPluginJar : add lorawan
2024-08-05 22:08:16,432 [INFO] IPUIPlugin:80 - create IPUIPlugin
2024-08-05 22:08:16,432 [INFO] PluginManager:220 - loadIPPluginJar : add ltdc
2024-08-05 22:08:16,449 [INFO] IPUIPlugin:80 - create IPUIPlugin
2024-08-05 22:08:16,450 [INFO] PluginManager:220 - loadIPPluginJar : add mdma
2024-08-05 22:08:16,464 [INFO] IPUIPlugin:80 - create IPUIPlugin
2024-08-05 22:08:16,464 [INFO] PluginManager:220 - loadIPPluginJar : add nvic
2024-08-05 22:08:16,508 [INFO] IPUIPlugin:80 - create IPUIPlugin
2024-08-05 22:08:16,508 [INFO] PluginManager:220 - loadIPPluginJar : add opamp
2024-08-05 22:08:16,588 [INFO] IPUIPlugin:80 - create IPUIPlugin
2024-08-05 22:08:16,588 [INFO] PluginManager:220 - loadIPPluginJar : add openamp
2024-08-05 22:08:16,641 [INFO] IPUIPlugin:80 - create IPUIPlugin
2024-08-05 22:08:16,641 [INFO] PluginManager:220 - loadIPPluginJar : add pdm2pcm
2024-08-05 22:08:16,659 [INFO] IPUIPlugin:80 - create IPUIPlugin
2024-08-05 22:08:16,661 [INFO] PluginManager:220 - loadIPPluginJar : add plateformsettings
2024-08-05 22:08:16,685 [INFO] IPUIPlugin:80 - create IPUIPlugin
2024-08-05 22:08:16,685 [INFO] PluginManager:220 - loadIPPluginJar : add quadspi
2024-08-05 22:08:16,717 [INFO] IPUIPlugin:80 - create IPUIPlugin
2024-08-05 22:08:16,717 [INFO] PluginManager:220 - loadIPPluginJar : add radio
2024-08-05 22:08:16,733 [INFO] IPUIPlugin:80 - create IPUIPlugin
2024-08-05 22:08:16,733 [INFO] PluginManager:220 - loadIPPluginJar : add resmgrutility
2024-08-05 22:08:16,793 [INFO] IPUIPlugin:80 - create IPUIPlugin
2024-08-05 22:08:16,793 [INFO] PluginManager:220 - loadIPPluginJar : add sai
2024-08-05 22:08:16,839 [INFO] IPUIPlugin:80 - create IPUIPlugin
2024-08-05 22:08:16,839 [INFO] PluginManager:220 - loadIPPluginJar : add spi
2024-08-05 22:08:16,928 [INFO] IPUIPlugin:80 - create IPUIPlugin
2024-08-05 22:08:16,929 [INFO] PluginManager:220 - loadIPPluginJar : add stm32_wpan
2024-08-05 22:08:16,962 [INFO] IPUIPlugin:80 - create IPUIPlugin
2024-08-05 22:08:16,963 [INFO] PluginManager:220 - loadIPPluginJar : add tim
2024-08-05 22:08:17,059 [INFO] IPUIPlugin:80 - create IPUIPlugin
2024-08-05 22:08:17,059 [INFO] PluginManager:220 - loadIPPluginJar : add touchsensing
2024-08-05 22:08:17,091 [INFO] IPUIPlugin:80 - create IPUIPlugin
2024-08-05 22:08:17,091 [INFO] PluginManager:220 - loadIPPluginJar : add tracer_emb
2024-08-05 22:08:17,124 [INFO] IPUIPlugin:80 - create IPUIPlugin
2024-08-05 22:08:17,124 [INFO] PluginManager:220 - loadIPPluginJar : add ts
2024-08-05 22:08:17,155 [INFO] IPUIPlugin:80 - create IPUIPlugin
2024-08-05 22:08:17,155 [INFO] PluginManager:220 - loadIPPluginJar : add tsc
2024-08-05 22:08:17,183 [INFO] IPUIPlugin:80 - create IPUIPlugin
2024-08-05 22:08:17,184 [INFO] PluginManager:220 - loadIPPluginJar : add ucpd
2024-08-05 22:08:17,237 [INFO] IPUIPlugin:80 - create IPUIPlugin
2024-08-05 22:08:17,237 [INFO] PluginManager:220 - loadIPPluginJar : add usart
2024-08-05 22:08:17,260 [INFO] ThirdPartyUpdaterWithRetryManager:70 - Updater plugin not ready yet. [2/15]
2024-08-05 22:08:17,288 [INFO] IPUIPlugin:80 - create IPUIPlugin
2024-08-05 22:08:17,289 [INFO] PluginManager:220 - loadIPPluginJar : add usbx
2024-08-05 22:08:17,432 [INFO] CADModel:165 - CPN selected for project level
2024-08-05 22:08:17,432 [INFO] CADModel:114 - Register for checkConnection events
2024-08-05 22:08:17,432 [FATAL] Updater:334 - Updater called before beeing initialized
2024-08-05 22:08:17,432 [ERROR] CADModel:125 - Updater not yet initialized, retry later 
2024-08-05 22:08:17,580 [INFO] CADModel:165 - CPN selected for project level
2024-08-05 22:08:17,580 [INFO] CADModel:114 - Register for checkConnection events
2024-08-05 22:08:17,580 [FATAL] Updater:334 - Updater called before beeing initialized
2024-08-05 22:08:17,580 [ERROR] CADModel:125 - Updater not yet initialized, retry later 
2024-08-05 22:08:17,584 [FATAL] Updater:334 - Updater called before beeing initialized
2024-08-05 22:08:17,705 [FATAL] Updater:334 - Updater called before beeing initialized
2024-08-05 22:08:17,717 [INFO] DbMcusAds:53 - JSON generation date=Thu May 16 12:22:01 EEST 2024 (1715851321109)
2024-08-05 22:08:17,718 [FATAL] Updater:334 - Updater called before beeing initialized
2024-08-05 22:08:17,765 [WARN] DetailPanel:346 - Failed to get advertising image, set to default
2024-08-05 22:08:17,868 [FATAL] Updater:334 - Updater called before beeing initialized
2024-08-05 22:08:17,870 [FATAL] Updater:334 - Updater called before beeing initialized
2024-08-05 22:08:17,870 [FATAL] Updater:334 - Updater called before beeing initialized
2024-08-05 22:08:17,870 [WARN] DetailPanel:346 - Failed to get advertising image, set to default
2024-08-05 22:08:17,872 [FATAL] Updater:334 - Updater called before beeing initialized
2024-08-05 22:08:17,957 [ERROR] Updater:1164 - MainUpdater not yet initialized. External WinMGr cannot be set.
2024-08-05 22:08:17,971 [INFO] Updater:1100 - Updater Version found : 6.12.0
2024-08-05 22:08:17,992 [INFO] ApplicationProperties:184 - Using Application install path: C:\ST\STM32CubeIDE_1.11.0\STM32CubeIDE\plugins\com.st.stm32cube.common.mx_6.12.0.202406281431
2024-08-05 22:08:19,579 [ERROR] LogOutputStream:75 - [STDERR_REDIRECT] Aug 05, 2024 10:08:19 PM java.util.prefs.WindowsPreferences <init>
2024-08-05 22:08:19,594 [ERROR] LogOutputStream:75 - [STDERR_REDIRECT] WARNING: Could not open/create prefs root node Software\JavaSoft\Prefs at root 0xffffffff80000002. Windows RegCreateKeyEx(...) returned error code 5.
2024-08-05 22:08:19,594 [ERROR] LogOutputStream:75 - [STDERR_REDIRECT] 
2024-08-05 22:08:20,008 [INFO] MainUpdater:2873 - connection check result : 10
2024-08-05 22:08:20,009 [INFO] MainUpdater:290 - Updater Check For Update Now.
2024-08-05 22:08:20,009 [INFO] MicroXplorer:498 - Change Database Version : DB.6.0.120
2024-08-05 22:08:20,043 [INFO] McuFinderGlobals:63 - Set McuFinder mode to 2 (CubeIDE integrated)
2024-08-05 22:08:20,051 [INFO] UserAuth:417 - Internet connection configuration mode: 1
2024-08-05 22:08:20,083 [INFO] JxBrowserEngine:152 - Initiate JxBrowser Engine with user profile folder
2024-08-05 22:08:20,261 [WARN] MainUpdater:1194 - Updater busy. Cannot search thirdparties
2024-08-05 22:08:20,261 [INFO] ThirdPartyUpdaterWithRetryManager:96 - Updater plugin is busy. [1/15]
2024-08-05 22:08:20,263 [INFO] CheckServerUpdateThread:120 - End of CheckServer Thread
2024-08-05 22:08:23,826 [WARN] PackLoader:240 - Cannot read IP mode file for STMicroelectronics.FP-SNS-MOTENVWB1.1.4.0
2024-08-05 22:08:23,854 [WARN] PackLoader:240 - Cannot read IP mode file for STMicroelectronics.X-CUBE-SMBUS.2.1.0
2024-08-05 22:08:23,890 [WARN] PackLoader:240 - Cannot read IP mode file for STMicroelectronics.X-CUBE-TOUCHGFX.4.23.1
2024-08-05 22:08:23,913 [WARN] PackLoader:240 - Cannot read IP mode file for STMicroelectronics.X-CUBE-TOUCHGFX.4.23.0
2024-08-05 22:08:23,932 [WARN] PackLoader:240 - Cannot read IP mode file for STMicroelectronics.X-CUBE-TOUCHGFX.4.23.2
2024-08-05 22:08:24,015 [WARN] PackLoader:240 - Cannot read IP mode file for STMicroelectronics.X-CUBE-AZRTOS-F7.1.1.0
2024-08-05 22:08:24,090 [ERROR] RealEvaluatedCondition:428 - Found unsupported composite condition: CLASS='Data Exchange' GROUP='STM32_MetaDataManager'
2024-08-05 22:08:24,090 [ERROR] RealEvaluatedCondition:428 - Found unsupported composite condition: CLASS='Data Exchange' GROUP='STM32_MetaDataManager'
2024-08-05 22:08:24,094 [WARN] PackLoader:240 - Cannot read IP mode file for STMicroelectronics.FP-SNS-MOTENV1.4.3.0
2024-08-05 22:08:24,208 [WARN] PackLoader:240 - Cannot read IP mode file for STMicroelectronics.FP-SNS-MOTENV1.4.3.2
2024-08-05 22:08:24,322 [WARN] PackLoader:240 - Cannot read IP mode file for STMicroelectronics.FP-SNS-FLIGHT1.5.0.0
2024-08-05 22:08:24,326 [INFO] WebApp:167 - Instantiating new browser for Auth
2024-08-05 22:08:24,429 [WARN] PackLoader:240 - Cannot read IP mode file for STMicroelectronics.X-CUBE-BLE1.6.2.4
2024-08-05 22:08:24,456 [WARN] PackLoader:240 - Cannot read IP mode file for STMicroelectronics.FP-SNS-FLIGHT1.5.0.2
2024-08-05 22:08:24,624 [WARN] PackLoader:240 - Cannot read IP mode file for STMicroelectronics.X-CUBE-DISPLAY.3.0.0
2024-08-05 22:08:24,727 [WARN] PackLoader:240 - Cannot read IP mode file for STMicroelectronics.X-CUBE-BLE1.7.0.0
2024-08-05 22:08:24,767 [WARN] PackLoader:240 - Cannot read IP mode file for STMicroelectronics.X-CUBE-TOUCHGFX.4.22.0
2024-08-05 22:08:24,803 [WARN] PackLoader:240 - Cannot read IP mode file for STMicroelectronics.X-CUBE-TOUCHGFX.4.22.1
2024-08-05 22:08:24,837 [WARN] PackLoader:240 - Cannot read IP mode file for STMicroelectronics.X-CUBE-BLEMGR.3.1.0
2024-08-05 22:08:24,864 [WARN] PackLoader:240 - Cannot read IP mode file for STMicroelectronics.FP-SNS-SMARTAG2.1.2.0
2024-08-05 22:08:24,946 [INFO] LogOutputStream:77 - [STDOUT_REDIRECT] 1 : Invalid condition id : UX_CORESTACK_Condition cause : null
2024-08-05 22:08:24,948 [INFO] LogOutputStream:77 - [STDOUT_REDIRECT] 1 : Invalid condition id : UX_CORESTACK_Condition cause : null
2024-08-05 22:08:24,951 [INFO] LogOutputStream:77 - [STDOUT_REDIRECT] 1 : Invalid condition id : UX_CORESTACK_Condition cause : null
2024-08-05 22:08:24,952 [INFO] LogOutputStream:77 - [STDOUT_REDIRECT] 1 : Invalid condition id : UX_CORESTACK_Condition cause : null
2024-08-05 22:08:24,953 [INFO] LogOutputStream:77 - [STDOUT_REDIRECT] 1 : Invalid condition id : UX_CORESTACK_Condition cause : null
2024-08-05 22:08:24,959 [WARN] PackLoader:240 - Cannot read IP mode file for STMicroelectronics.X-CUBE-AZRTOS-WL.2.0.0
2024-08-05 22:08:25,000 [WARN] PackLoader:240 - Cannot read IP mode file for STMicroelectronics.FP-SNS-MOTENV1.5.0.0
2024-08-05 22:08:25,023 [WARN] PackLoader:240 - Cannot read IP mode file for wolfSSL.I-CUBE-wolfMQTT.1.19.0
2024-08-05 22:08:25,056 [WARN] PackLoader:240 - Cannot read IP mode file for WES.I-CUBE-Cesium.1.3.0
2024-08-05 22:08:25,268 [WARN] PackLoader:240 - Cannot read IP mode file for STMicroelectronics.X-CUBE-BLE2.3.3.0
2024-08-05 22:08:25,324 [WARN] PackLoader:240 - Cannot read IP mode file for STMicroelectronics.X-CUBE-DISPLAY.2.2.0
2024-08-05 22:08:25,383 [WARN] PackLoader:240 - Cannot read IP mode file for STMicroelectronics.X-CUBE-TOF1.3.2.0
2024-08-05 22:08:25,412 [WARN] PackLoader:240 - Cannot read IP mode file for STMicroelectronics.X-CUBE-TCPP.4.1.0
2024-08-05 22:08:25,429 [WARN] PackLoader:240 - Cannot read IP mode file for STMicroelectronics.X-CUBE-TOUCHGFX.4.21.1
2024-08-05 22:08:25,454 [WARN] PackLoader:240 - Cannot read IP mode file for STMicroelectronics.X-CUBE-TOUCHGFX.4.21.0
2024-08-05 22:08:25,476 [WARN] PackLoader:240 - Cannot read IP mode file for STMicroelectronics.X-CUBE-TOUCHGFX.4.21.3
2024-08-05 22:08:25,617 [WARN] PackLoader:240 - Cannot read IP mode file for STMicroelectronics.X-CUBE-MEMS1.9.4.0
2024-08-05 22:08:25,823 [WARN] PackLoader:240 - Cannot read IP mode file for STMicroelectronics.X-CUBE-AI.7.3.0
2024-08-05 22:08:25,864 [WARN] PackLoader:240 - Cannot read IP mode file for STMicroelectronics.X-CUBE-ALGOBUILD.1.3.0
2024-08-05 22:08:26,066 [WARN] PackLoader:240 - Cannot read IP mode file for STMicroelectronics.X-CUBE-AZRTOS-G0.1.1.0
2024-08-05 22:08:26,098 [WARN] PackLoader:240 - Cannot read IP mode file for STMicroelectronics.X-CUBE-SAFEA1.1.2.2
2024-08-05 22:08:26,184 [WARN] PackLoader:240 - Cannot read IP mode file for STMicroelectronics.X-CUBE-NFC4.3.0.0
2024-08-05 22:08:26,246 [WARN] PackLoader:240 - Cannot read IP mode file for wolfSSL.I-CUBE-wolfMQTT.1.18.0
2024-08-05 22:08:26,339 [WARN] PackLoader:240 - Cannot read IP mode file for EmbeddedOffice.I-CUBE-FS-RTOS.1.0.1
2024-08-05 22:08:26,340 [ERROR] ConditionMgr:805 - Attr not supported : Dmpu
2024-08-05 22:08:26,340 [ERROR] ConditionMgr:805 - Attr not supported : Dmpu
2024-08-05 22:08:26,340 [ERROR] ConditionMgr:805 - Attr not supported : Dmpu
2024-08-05 22:08:26,340 [ERROR] ConditionMgr:805 - Attr not supported : Dmpu
2024-08-05 22:08:26,340 [ERROR] ConditionMgr:805 - Attr not supported : Dmpu
2024-08-05 22:08:26,340 [ERROR] ConditionMgr:805 - Attr not supported : Dmpu
2024-08-05 22:08:26,340 [ERROR] ConditionMgr:805 - Attr not supported : Dmpu
2024-08-05 22:08:26,340 [ERROR] ConditionMgr:805 - Attr not supported : Dmpu
2024-08-05 22:08:26,340 [ERROR] ConditionMgr:805 - Attr not supported : Dmpu
2024-08-05 22:08:26,341 [ERROR] ConditionMgr:805 - Attr not supported : Dmpu
2024-08-05 22:08:26,341 [ERROR] ConditionMgr:805 - Attr not supported : Dmpu
2024-08-05 22:08:26,342 [ERROR] ConditionMgr:805 - Attr not supported : Dmpu
2024-08-05 22:08:26,342 [ERROR] ConditionMgr:805 - Attr not supported : Dmpu
2024-08-05 22:08:26,342 [ERROR] ConditionMgr:805 - Attr not supported : Dmpu
2024-08-05 22:08:26,342 [ERROR] ConditionMgr:805 - Attr not supported : Dmpu
2024-08-05 22:08:26,342 [ERROR] ConditionMgr:805 - Attr not supported : Dmpu
2024-08-05 22:08:26,343 [ERROR] ConditionMgr:805 - Attr not supported : Dmpu
2024-08-05 22:08:26,343 [ERROR] ConditionMgr:805 - Attr not supported : Dmpu
2024-08-05 22:08:26,343 [ERROR] ConditionMgr:805 - Attr not supported : Dmpu
2024-08-05 22:08:26,343 [ERROR] ConditionMgr:805 - Attr not supported : Dmpu
2024-08-05 22:08:26,343 [ERROR] ConditionMgr:805 - Attr not supported : Dmpu
2024-08-05 22:08:26,343 [ERROR] ConditionMgr:805 - Attr not supported : Dmpu
2024-08-05 22:08:26,343 [ERROR] ConditionMgr:805 - Attr not supported : Dmpu
2024-08-05 22:08:26,343 [ERROR] ConditionMgr:805 - Attr not supported : Dmpu
2024-08-05 22:08:26,343 [ERROR] ConditionMgr:805 - Attr not supported : Dmpu
2024-08-05 22:08:26,343 [ERROR] ConditionMgr:805 - Attr not supported : Dmpu
2024-08-05 22:08:26,343 [ERROR] ConditionMgr:805 - Attr not supported : Dmpu
2024-08-05 22:08:26,343 [ERROR] ConditionMgr:805 - Attr not supported : Dmpu
2024-08-05 22:08:26,343 [ERROR] ConditionMgr:805 - Attr not supported : Dmpu
2024-08-05 22:08:26,343 [ERROR] ConditionMgr:805 - Attr not supported : Dmpu
2024-08-05 22:08:26,344 [ERROR] ConditionMgr:805 - Attr not supported : Dmpu
2024-08-05 22:08:26,344 [ERROR] ConditionMgr:805 - Attr not supported : Dmpu
2024-08-05 22:08:26,344 [ERROR] ConditionMgr:805 - Attr not supported : Dmpu
2024-08-05 22:08:26,344 [ERROR] ConditionMgr:805 - Attr not supported : Dmpu
2024-08-05 22:08:26,344 [ERROR] ConditionMgr:805 - Attr not supported : Dmpu
2024-08-05 22:08:26,344 [ERROR] ConditionMgr:805 - Attr not supported : Dmpu
2024-08-05 22:08:26,344 [ERROR] ConditionMgr:805 - Attr not supported : Dmpu
2024-08-05 22:08:26,344 [ERROR] ConditionMgr:805 - Attr not supported : Dmpu
2024-08-05 22:08:26,344 [ERROR] ConditionMgr:805 - Attr not supported : Dmpu
2024-08-05 22:08:26,344 [ERROR] ConditionMgr:805 - Attr not supported : Dmpu
2024-08-05 22:08:26,344 [ERROR] ConditionMgr:805 - Attr not supported : Dmpu
2024-08-05 22:08:26,344 [ERROR] ConditionMgr:805 - Attr not supported : Dmpu
2024-08-05 22:08:26,344 [ERROR] ConditionMgr:805 - Attr not supported : Dmpu
2024-08-05 22:08:26,344 [ERROR] ConditionMgr:805 - Attr not supported : Dmpu
2024-08-05 22:08:26,345 [ERROR] ConditionMgr:805 - Attr not supported : Dmpu
2024-08-05 22:08:26,345 [ERROR] ConditionMgr:805 - Attr not supported : Dmpu
2024-08-05 22:08:26,345 [ERROR] ConditionMgr:805 - Attr not supported : Dmpu
2024-08-05 22:08:26,345 [ERROR] ConditionMgr:805 - Attr not supported : Dmpu
2024-08-05 22:08:26,345 [ERROR] ConditionMgr:805 - Attr not supported : Dmpu
2024-08-05 22:08:26,345 [ERROR] ConditionMgr:805 - Attr not supported : Dmpu
2024-08-05 22:08:26,345 [ERROR] ConditionMgr:805 - Attr not supported : Dmpu
2024-08-05 22:08:26,345 [ERROR] ConditionMgr:805 - Attr not supported : Dmpu
2024-08-05 22:08:26,345 [ERROR] ConditionMgr:805 - Attr not supported : Dmpu
2024-08-05 22:08:26,345 [ERROR] ConditionMgr:805 - Attr not supported : Dmpu
2024-08-05 22:08:26,345 [ERROR] ConditionMgr:805 - Attr not supported : Dmpu
2024-08-05 22:08:26,345 [ERROR] ConditionMgr:805 - Attr not supported : Dmpu
2024-08-05 22:08:26,345 [ERROR] ConditionMgr:805 - Attr not supported : Dmpu
2024-08-05 22:08:26,345 [ERROR] ConditionMgr:805 - Attr not supported : Dmpu
2024-08-05 22:08:26,346 [ERROR] ConditionMgr:805 - Attr not supported : Dmpu
2024-08-05 22:08:26,346 [ERROR] ConditionMgr:805 - Attr not supported : Dmpu
2024-08-05 22:08:26,346 [ERROR] ConditionMgr:805 - Attr not supported : Dmpu
2024-08-05 22:08:26,346 [ERROR] ConditionMgr:805 - Attr not supported : Dmpu
2024-08-05 22:08:26,346 [ERROR] ConditionMgr:805 - Attr not supported : Dmpu
2024-08-05 22:08:26,346 [ERROR] ConditionMgr:805 - Attr not supported : Dmpu
2024-08-05 22:08:26,386 [WARN] PackLoader:240 - Cannot read IP mode file for STMicroelectronics.X-CUBE-BLEMGR.3.0.0
2024-08-05 22:08:26,414 [WARN] PackLoader:240 - Cannot read IP mode file for STMicroelectronics.X-CUBE-BLEMGR.1.3.0
2024-08-05 22:08:26,460 [WARN] PackLoader:240 - Cannot read IP mode file for RealThread.X-CUBE-RT-Thread_Nano.4.1.1
2024-08-05 22:08:26,486 [WARN] PackLoader:240 - Cannot read IP mode file for STMicroelectronics.FP-ATR-SIGFOX1.3.2.0
2024-08-05 22:08:26,542 [WARN] PackLoader:240 - Cannot read IP mode file for STMicroelectronics.X-CUBE-EEPRMA1.5.1.0
2024-08-05 22:08:26,594 [INFO] WebApp:448 - Apply proxy settings
2024-08-05 22:08:26,594 [INFO] WebApp:533 - Chromium requires no authentication
2024-08-05 22:08:26,614 [INFO] WebApp:476 - Direct internet connection detected
2024-08-05 22:08:26,652 [WARN] PackLoader:240 - Cannot read IP mode file for STMicroelectronics.X-CUBE-MEMS1.9.5.0
2024-08-05 22:08:26,712 [INFO] WebApp:869 - Register for checkConnection events
2024-08-05 22:08:26,712 [INFO] WebApp:448 - Apply proxy settings
2024-08-05 22:08:26,712 [INFO] WebApp:533 - Chromium requires no authentication
2024-08-05 22:08:26,713 [INFO] WebApp:476 - Direct internet connection detected
2024-08-05 22:08:26,975 [WARN] PackLoader:240 - Cannot read IP mode file for SEGGER.I-CUBE-embOS.1.3.1
2024-08-05 22:08:27,055 [WARN] PackLoader:240 - Cannot read IP mode file for STMicroelectronics.X-CUBE-ALGOBUILD.1.4.0
2024-08-05 22:08:27,192 [WARN] PackLoader:240 - Cannot read IP mode file for SEGGER.I-CUBE-embOS.1.3.0
2024-08-05 22:08:27,263 [WARN] PackLoader:240 - Cannot read IP mode file for STMicroelectronics.X-CUBE-GNSS1.6.0.0
2024-08-05 22:08:27,306 [WARN] PackLoader:240 - Cannot read IP mode file for STMicroelectronics.X-CUBE-AZRTOS-F4.1.1.0
2024-08-05 22:08:27,321 [INFO] WebApp:220 - Starting web application
2024-08-05 22:08:27,321 [INFO] WebApp:578 - Web application path used C:\ST\STM32CubeIDE_1.11.0\STM32CubeIDE\plugins\com.st.stm32cube.common.mx_6.12.0.202406281431\db\plugins\mcufinder\reactClient1\index.html
2024-08-05 22:08:27,342 [WARN] PackLoader:240 - Cannot read IP mode file for STMicroelectronics.X-CUBE-FREERTOS.1.2.0
2024-08-05 22:08:27,383 [WARN] PackLoader:240 - Cannot read IP mode file for STMicroelectronics.X-CUBE-AZRTOS-L5.2.0.0
2024-08-05 22:08:27,586 [WARN] PackLoader:240 - Cannot read IP mode file for STMicroelectronics.X-CUBE-MEMS1.9.6.0
2024-08-05 22:08:27,619 [INFO] UserAuth:417 - Internet connection configuration mode: 1
2024-08-05 22:08:27,797 [WARN] PackLoader:240 - Cannot read IP mode file for STMicroelectronics.X-CUBE-EEPRMA1.4.2.0
2024-08-05 22:08:27,818 [WARN] PackLoader:240 - Cannot read IP mode file for STMicroelectronics.X-CUBE-NFC6.3.1.0
2024-08-05 22:08:27,833 [WARN] PackLoader:240 - Cannot read IP mode file for ITTIA_DB.I-CUBE-ITTIADB.8.8.0
2024-08-05 22:08:27,903 [WARN] PackLoader:240 - Cannot read IP mode file for emotas.I-CUBE-CANOPEN.1.1.3
2024-08-05 22:08:27,966 [WARN] PackLoader:240 - Cannot read IP mode file for STMicroelectronics.X-CUBE-BLEMGR.2.0.0
2024-08-05 22:08:28,021 [WARN] PackLoader:240 - Cannot read IP mode file for STMicroelectronics.X-CUBE-DPower.1.2.0
2024-08-05 22:08:28,049 [INFO] WebApp:186 - Connection restablished
2024-08-05 22:08:28,071 [WARN] PackLoader:240 - Cannot read IP mode file for STMicroelectronics.X-CUBE-NFC4.2.0.5
2024-08-05 22:08:28,089 [WARN] PackLoader:240 - Cannot read IP mode file for STMicroelectronics.X-CUBE-AI.9.0.0
2024-08-05 22:08:28,120 [WARN] ConditionMgr:438 - getConditionDescription Invalid condition id : UX DEVICE CLASS RTOS Condition cause : null
2024-08-05 22:08:28,120 [WARN] ConditionMgr:438 - getConditionDescription Invalid condition id : UX DEVICE CLASS RTOS Condition cause : null
2024-08-05 22:08:28,123 [WARN] PackLoader:240 - Cannot read IP mode file for STMicroelectronics.X-CUBE-AZRTOS-H7.3.1.0
2024-08-05 22:08:28,124 [WARN] ConditionMgr:1039 - genDependencies : Invalid condition id : UX DEVICE CLASS RTOS Condition cause : null
2024-08-05 22:08:28,124 [WARN] ConditionMgr:1039 - genDependencies : Invalid condition id : UX DEVICE CLASS RTOS Condition cause : null
2024-08-05 22:08:28,125 [WARN] ConditionMgr:1039 - genDependencies : Invalid condition id : UX DEVICE CLASS RTOS Condition cause : null
2024-08-05 22:08:28,125 [WARN] ConditionMgr:1039 - genDependencies : Invalid condition id : UX DEVICE CLASS RTOS Condition cause : null
2024-08-05 22:08:28,126 [WARN] ConditionMgr:1039 - genDependencies : Invalid condition id : UX DEVICE CLASS RTOS Condition cause : null
2024-08-05 22:08:28,240 [WARN] PackLoader:240 - Cannot read IP mode file for wolfSSL.I-CUBE-wolfSSL.5.5.4
2024-08-05 22:08:28,255 [WARN] PackLoader:240 - Cannot read IP mode file for STMicroelectronics.X-CUBE-NFC7.1.0.1
2024-08-05 22:08:28,274 [WARN] PackLoader:240 - Cannot read IP mode file for STMicroelectronics.X-CUBE-NFC7.1.0.0
2024-08-05 22:08:28,293 [WARN] PackLoader:240 - Cannot read IP mode file for wolfSSL.I-CUBE-wolfTPM.3.2.0
2024-08-05 22:08:28,313 [WARN] PackLoader:240 - Cannot read IP mode file for STMicroelectronics.X-CUBE-NFC6.3.0.0
2024-08-05 22:08:28,343 [WARN] PackLoader:240 - Cannot read IP mode file for STMicroelectronics.X-CUBE-EEPRMA1.4.1.0
2024-08-05 22:08:28,359 [WARN] PackLoader:240 - Cannot read IP mode file for STMicroelectronics.X-CUBE-AI.8.1.0
2024-08-05 22:08:28,414 [WARN] ConditionMgr:438 - getConditionDescription Invalid condition id : LAN8742 Phy interface Condition cause : null
2024-08-05 22:08:28,415 [WARN] PackLoader:240 - Cannot read IP mode file for STMicroelectronics.X-CUBE-AZRTOS-L4.2.0.0
2024-08-05 22:08:28,416 [WARN] ConditionMgr:1039 - genDependencies : Invalid condition id : LAN8742 Phy interface Condition cause : null
2024-08-05 22:08:28,416 [WARN] ConditionMgr:1039 - genDependencies : Invalid condition id : LAN8742 Phy interface Condition cause : null
2024-08-05 22:08:28,417 [WARN] ConditionMgr:1039 - genDependencies : Invalid condition id : LAN8742 Phy interface Condition cause : null
2024-08-05 22:08:28,455 [WARN] PackLoader:240 - Cannot read IP mode file for STMicroelectronics.X-CUBE-SFXS2LP1.4.0.0
2024-08-05 22:08:28,509 [WARN] PackLoader:240 - Cannot read IP mode file for STMicroelectronics.X-CUBE-AZRTOS-H7.3.0.0
2024-08-05 22:08:28,571 [WARN] PackLoader:240 - Cannot read IP mode file for STMicroelectronics.X-CUBE-ISPU.1.1.0
2024-08-05 22:08:28,622 [WARN] PackLoader:240 - Cannot read IP mode file for RoweBots.I-CUBE-UNISONRTOS.5.5.0-4
2024-08-05 22:08:28,658 [WARN] PackLoader:240 - Cannot read IP mode file for STMicroelectronics.X-CUBE-AI.8.0.0
2024-08-05 22:08:28,684 [WARN] ConditionMgr:438 - getConditionDescription Invalid condition id : UX DEVICE CLASS RTOS Condition cause : null
2024-08-05 22:08:28,684 [WARN] ConditionMgr:438 - getConditionDescription Invalid condition id : UX DEVICE CLASS RTOS Condition cause : null
2024-08-05 22:08:28,686 [WARN] PackLoader:240 - Cannot read IP mode file for STMicroelectronics.X-CUBE-AZRTOS-WB.2.0.0
2024-08-05 22:08:28,686 [WARN] ConditionMgr:1039 - genDependencies : Invalid condition id : UX DEVICE CLASS RTOS Condition cause : null
2024-08-05 22:08:28,686 [WARN] ConditionMgr:1039 - genDependencies : Invalid condition id : UX DEVICE CLASS RTOS Condition cause : null
2024-08-05 22:08:28,687 [WARN] ConditionMgr:1039 - genDependencies : Invalid condition id : UX DEVICE CLASS RTOS Condition cause : null
2024-08-05 22:08:28,687 [WARN] ConditionMgr:1039 - genDependencies : Invalid condition id : UX DEVICE CLASS RTOS Condition cause : null
2024-08-05 22:08:28,687 [WARN] ConditionMgr:1039 - genDependencies : Invalid condition id : UX DEVICE CLASS RTOS Condition cause : null
2024-08-05 22:08:28,705 [WARN] PackLoader:240 - Cannot read IP mode file for STMicroelectronics.X-CUBE-FREERTOS.1.0.0
2024-08-05 22:08:28,723 [WARN] PackLoader:240 - Cannot read IP mode file for STMicroelectronics.X-CUBE-FREERTOS.1.0.1
2024-08-05 22:08:28,740 [WARN] PackLoader:240 - Cannot read IP mode file for STMicroelectronics.FP-SNS-STBOX1.2.0.0
2024-08-05 22:08:28,895 [WARN] PackLoader:240 - Cannot read IP mode file for STMicroelectronics.X-CUBE-AZRTOS-L5.1.1.0
2024-08-05 22:08:29,005 [WARN] PackLoader:240 - Cannot read IP mode file for STMicroelectronics.X-CUBE-AI.8.0.1
2024-08-05 22:08:29,030 [WARN] PackLoader:240 - Cannot read IP mode file for STMicroelectronics.X-CUBE-SUBG2.5.0.0
2024-08-05 22:08:29,056 [WARN] PackLoader:240 - Cannot read IP mode file for STMicroelectronics.X-CUBE-TOF1.3.3.1
2024-08-05 22:08:29,097 [WARN] PackLoader:240 - Cannot read IP mode file for STMicroelectronics.X-CUBE-AZRTOS-G4.2.0.0
2024-08-05 22:08:29,119 [WARN] PackLoader:240 - Cannot read IP mode file for STMicroelectronics.X-CUBE-TOF1.3.3.0
2024-08-05 22:08:29,139 [WARN] PackLoader:240 - Cannot read IP mode file for STMicroelectronics.FP-ATR-ASTRA1.1.1.1
2024-08-05 22:08:29,163 [WARN] PackLoader:240 - Cannot read IP mode file for Infineon.AIROC-Wi-Fi-Bluetooth-STM32.1.5.1
2024-08-05 22:08:29,186 [WARN] PackLoader:240 - Cannot read IP mode file for STMicroelectronics.FP-SNS-MOTENVWB1.1.3.0
2024-08-05 22:08:29,199 [WARN] PackLoader:240 - Cannot read IP mode file for STMicroelectronics.FP-SNS-MOTENVWB1.1.3.1
2024-08-05 22:08:29,251 [WARN] PackLoader:240 - Cannot read IP mode file for STMicroelectronics.X-CUBE-AZRTOS-G4.1.0.0
2024-08-05 22:08:29,281 [WARN] PackLoader:240 - Cannot read IP mode file for STMicroelectronics.X-CUBE-AZRTOS-L4.1.0.0
2024-08-05 22:08:29,316 [WARN] PackLoader:240 - Cannot read IP mode file for STMicroelectronics.X-CUBE-ISPU.2.0.0
2024-08-05 22:08:29,362 [WARN] PackLoader:240 - Cannot read IP mode file for STMicroelectronics.X-CUBE-ALS.1.0.2
2024-08-05 22:08:29,414 [WARN] PackLoader:240 - Cannot read IP mode file for STMicroelectronics.X-CUBE-MEMS1.10.0.0
2024-08-05 22:08:29,554 [WARN] PackLoader:240 - Cannot read IP mode file for STMicroelectronics.X-CUBE-FREERTOS.1.1.0
2024-08-05 22:08:29,568 [WARN] PackLoader:240 - Cannot read IP mode file for STMicroelectronics.X-CUBE-TOUCHGFX.4.24.0
2024-08-05 22:08:29,596 [WARN] PackLoader:240 - Cannot read IP mode file for STMicroelectronics.X-CUBE-AZRTOS-WL.1.0.0
2024-08-05 22:08:29,618 [WARN] PackLoader:240 - Cannot read IP mode file for portGmbH.I-Cube-SoM-uGOAL.1.1.0
2024-08-05 22:08:29,632 [WARN] PackLoader:240 - Cannot read IP mode file for STMicroelectronics.X-CUBE-ALS.1.0.1
2024-08-05 22:08:29,663 [WARN] PackLoader:240 - Cannot read IP mode file for STMicroelectronics.X-CUBE-AZRTOS-WB.1.1.0
2024-08-05 22:08:29,703 [WARN] PackLoader:240 - Cannot read IP mode file for STMicroelectronics.X-CUBE-AZRTOS-H7RS.1.0.0
2024-08-05 22:08:29,718 [WARN] PackLoader:240 - Cannot read IP mode file for STMicroelectronics.FP-ATR-ASTRA1.2.0.0
2024-08-05 22:08:29,748 [WARN] PackLoader:240 - Cannot read IP mode file for STMicroelectronics.X-CUBE-TOF1.3.4.2
2024-08-05 22:08:29,775 [WARN] PackLoader:240 - Cannot read IP mode file for STMicroelectronics.X-CUBE-TOF1.3.4.0
2024-08-05 22:08:29,809 [WARN] PackLoader:240 - Cannot read IP mode file for STMicroelectronics.X-CUBE-TOF1.3.4.1
2024-08-05 22:08:29,862 [WARN] PackLoader:240 - Cannot read IP mode file for STMicroelectronics.X-CUBE-AZRTOS-H7.3.2.0
2024-08-05 22:08:29,880 [WARN] PackLoader:240 - Cannot read IP mode file for wolfSSL.I-CUBE-wolfSSH.1.4.17
2024-08-05 22:08:29,881 [INFO] ThirdParty:978 - Integrity check success = true
2024-08-05 22:08:29,881 [INFO] IntegrityCheckThread:100 - exiting critical section [integrity check]
2024-08-05 22:08:29,881 [INFO] IntegrityCheckThread:103 - End integrity checks thread
2024-08-05 22:10:52,809 [ERROR] LogOutputStream:75 - [STDERR_REDIRECT] 
